running pytest
running egg_info
writing docstring2md.egg-info/PKG-INFO
writing dependency_links to docstring2md.egg-info/dependency_links.txt
writing entry points to docstring2md.egg-info/entry_points.txt
writing requirements to docstring2md.egg-info/requires.txt
writing top-level names to docstring2md.egg-info/top_level.txt
reading manifest file 'docstring2md.egg-info/SOURCES.txt'
reading manifest template 'MANIFEST.in'
writing manifest file 'docstring2md.egg-info/SOURCES.txt'
running build_ext
============================= test session starts ==============================
platform linux -- Python 3.6.5, pytest-3.5.1, py-1.5.3, pluggy-0.6.0 -- /usr/bin/python3
cachedir: .pytest_cache
rootdir: /home/ko4la/GIT/docstring-to-markdown, inifile: setup.cfg
collecting ... collected 20 items

tests/test_doctest.py::RunDocTest::test_mod_ast_engine.py PASSED         [  5%]
tests/test_doctest.py::RunDocTest::test_mod_cli.py PASSED                [ 10%]
tests/test_doctest.py::RunDocTest::test_mod_convmd.py PASSED             [ 15%]
tests/test_doctest.py::RunDocTest::test_mod_doc2md.py PASSED             [ 20%]
tests/test_doctest.py::RunDocTest::test_mod_file.py PASSED               [ 25%]
tests/test_doctest.py::RunDocTest::test_mod_log.py PASSED                [ 30%]
tests/test_doctest.py::RunDocTest::test_mod_mod.py PASSED                [ 35%]
tests/test_pycodestyle.py::RunPyCodeStyle::test___about__.py PASSED      [ 40%]
tests/test_pycodestyle.py::RunPyCodeStyle::test___config__.py PASSED     [ 45%]
tests/test_pycodestyle.py::RunPyCodeStyle::test___init__.py PASSED       [ 50%]
tests/test_pycodestyle.py::RunPyCodeStyle::test_ast_engine.py PASSED     [ 55%]
tests/test_pycodestyle.py::RunPyCodeStyle::test_cli.py PASSED            [ 60%]
tests/test_pycodestyle.py::RunPyCodeStyle::test_convmd.py PASSED         [ 65%]
tests/test_pycodestyle.py::RunPyCodeStyle::test_doc2md.py PASSED         [ 70%]
tests/test_pycodestyle.py::RunPyCodeStyle::test_file.py PASSED           [ 75%]
tests/test_pycodestyle.py::RunPyCodeStyle::test_log.py PASSED            [ 80%]
tests/test_pycodestyle.py::RunPyCodeStyle::test_mod.py PASSED            [ 85%]
tests/test_pycodestyle.py::RunPyCodeStyle::test_setup.py PASSED          [ 90%]
tests/test_pycodestyle.py::RunPyCodeStyle::test_test_doctest.py PASSED   [ 95%]
tests/test_pycodestyle.py::RunPyCodeStyle::test_test_pycodestyle.py PASSED [100%]

========================== 20 passed in 1.77 seconds ===========================
